\BOOKMARK [0][-]{chapter*.1}{Abstract}{}% 1
\BOOKMARK [0][-]{chapter*.2}{Preface}{}% 2
\BOOKMARK [0][-]{chapter*.3}{List\040of\040Figures}{}% 3
\BOOKMARK [0][-]{chapter*.5}{List\040of\040Tables}{}% 4
\BOOKMARK [0][-]{chapter*.6}{List\040of\040Symbols\040and\040Abbreviations}{}% 5
\BOOKMARK [0][-]{chapter.1}{Introduction}{}% 6
\BOOKMARK [1][-]{section.1.1}{Motivation}{chapter.1}% 7
\BOOKMARK [1][-]{section.1.2}{Research\040Topics}{chapter.1}% 8
\BOOKMARK [0][-]{chapter.2}{Population\040of\040Near-Earth\040Asteroids}{}% 9
\BOOKMARK [1][-]{section.2.1}{Asteroid\040Classification}{chapter.2}% 10
\BOOKMARK [1][-]{section.2.2}{Size-Frequency\040Distribution}{chapter.2}% 11
\BOOKMARK [1][-]{section.2.3}{Orbital\040Parameters}{chapter.2}% 12
\BOOKMARK [1][-]{section.2.4}{Major\040Near-Earth\040Asteroid\040Groups}{chapter.2}% 13
\BOOKMARK [0][-]{chapter.3}{Optical\040Detection\040Technology}{}% 14
\BOOKMARK [1][-]{section.3.1}{Optical\040Systems}{chapter.3}% 15
\BOOKMARK [1][-]{section.3.2}{Mathematics\040of\040Optics}{chapter.3}% 16
\BOOKMARK [1][-]{section.3.3}{Diffraction\040Limitation}{chapter.3}% 17
\BOOKMARK [1][-]{section.3.4}{Noise\040and\040Bias}{chapter.3}% 18
\BOOKMARK [0][-]{chapter.4}{Near-Earth\040Asteroid\040Surveys}{}% 19
\BOOKMARK [1][-]{section.4.1}{Earth-based\040Surveys}{chapter.4}% 20
\BOOKMARK [1][-]{section.4.2}{Space-based\040Surveys}{chapter.4}% 21
\BOOKMARK [0][-]{chapter.5}{Image\040Processing\040Techniques}{}% 22
\BOOKMARK [1][-]{section.5.1}{Background\040Removal}{chapter.5}% 23
\BOOKMARK [1][-]{section.5.2}{Centerfinding}{chapter.5}% 24
\BOOKMARK [1][-]{section.5.3}{Applications\040of\040Neural\040Networks}{chapter.5}% 25
\BOOKMARK [0][-]{chapter.6}{Trajectory\040Determination\040Techniques}{}% 26
\BOOKMARK [1][-]{section.6.1}{Gauss'\040Method}{chapter.6}% 27
\BOOKMARK [1][-]{section.6.2}{The\040Method\040of\040Very\040Short\040Arcs}{chapter.6}% 28
\BOOKMARK [1][-]{section.6.3}{Kalman\040Filters}{chapter.6}% 29
\BOOKMARK [1][-]{section.6.4}{Artificial\040Neural\040Networks}{chapter.6}% 30
\BOOKMARK [0][-]{chapter.7}{Conclusion\040and\040Thesis\040Research\040Questions}{}% 31
\BOOKMARK [1][-]{section.7.1}{Conclusion\040on\040Literature\040and\040Knowledge\040Gap}{chapter.7}% 32
\BOOKMARK [1][-]{section.7.2}{Thesis\040Research\040Questions}{chapter.7}% 33
\BOOKMARK [1][-]{section.7.3}{Project\040Plan}{chapter.7}% 34
